# JRE version: OpenJDK Runtime Environment (21.0.10) (build 21.0.10+-14961533-b1163.108)
# Java VM: OpenJDK 64-Bit Server VM (21.0.10+-14961533-b1163.108, mixed mode, tiered, compressed oops, compressed class ptrs, g1 gc, linux-amd64)
GC Precious Log:
 CardTable entry size: 512
 Card Set container configuration: InlinePtr #cards 5 size 8 Array Of Cards #cards 12 size 40 Howl #buckets 4 coarsen threshold 1843 Howl Bitmap #cards 512 size 80 coarsen threshold 460 Card regions per heap region 1 cards per card region 2048
 CPUs: 8 total, 8 available
 Memory: 15887M
 Large Page Support: Disabled
 NUMA Support: Disabled
 Compressed Oops: Enabled (32-bit)
 Heap Region Size: 1M
 Heap Min Capacity: 8M
 Heap Initial Capacity: 250M
 Heap Max Capacity: 2G
 Pre-touch: Disabled
 Parallel Workers: 8
 Concurrent Workers: 2
 Concurrent Refinement Workers: 8
 Periodic GC: Disabled
Heap:
 garbage-first heap   total 245760K, used 154473K [0x0000000080000000, 0x0000000100000000)
  region size 1024K, 11 young (11264K), 2 survivors (2048K)
 Metaspace       used 131965K, committed 134464K, reserved 1179648K
  class space    used 18868K, committed 20096K, reserved 1048576K
GC Heap History (20 events):
Event: 10,016 GC heap before
{Heap before GC invocations=29 (full 0):
 garbage-first heap   total 146432K, used 132235K [0x0000000080000000, 0x0000000100000000)
  region size 1024K, 48 young (49152K), 5 survivors (5120K)
 Metaspace       used 95580K, committed 97728K, reserved 1179648K
  class space    used 13439K, committed 14464K, reserved 1048576K
}
Event: 10,022 GC heap after
{Heap after GC invocations=30 (full 0):
 garbage-first heap   total 146432K, used 90249K [0x0000000080000000, 0x0000000100000000)
  region size 1024K, 5 young (5120K), 5 survivors (5120K)
 Metaspace       used 95580K, committed 97728K, reserved 1179648K
  class space    used 13439K, committed 14464K, reserved 1048576K
}
Event: 10,408 GC heap before
{Heap before GC invocations=31 (full 0):
 garbage-first heap   total 152576K, used 134281K [0x0000000080000000, 0x0000000100000000)
  region size 1024K, 48 young (49152K), 5 survivors (5120K)
 Metaspace       used 98539K, committed 100608K, reserved 1179648K
  class space    used 13980K, committed 14976K, reserved 1048576K
}
Event: 10,412 GC heap after
{Heap after GC invocations=32 (full 0):
 garbage-first heap   total 152576K, used 91139K [0x0000000080000000, 0x0000000100000000)
  region size 1024K, 3 young (3072K), 3 survivors (3072K)
 Metaspace       used 98539K, committed 100608K, reserved 1179648K
  class space    used 13980K, committed 14976K, reserved 1048576K
}
Event: 10,793 GC heap before
{Heap before GC invocations=32 (full 0):
 garbage-first heap   total 152576K, used 141315K [0x0000000080000000, 0x0000000100000000)
  region size 1024K, 52 young (53248K), 3 survivors (3072K)
 Metaspace       used 102012K, committed 104192K, reserved 1179648K
  class space    used 14517K, committed 15552K, reserved 1048576K
}
Event: 10,799 GC heap after
{Heap after GC invocations=33 (full 0):
 garbage-first heap   total 183296K, used 92039K [0x0000000080000000, 0x0000000100000000)
  region size 1024K, 5 young (5120K), 5 survivors (5120K)
 Metaspace       used 102012K, committed 104192K, reserved 1179648K
  class space    used 14517K, committed 15552K, reserved 1048576K
}
Event: 11,565 GC heap before
{Heap before GC invocations=33 (full 0):
 garbage-first heap   total 183296K, used 168839K [0x0000000080000000, 0x0000000100000000)
  region size 1024K, 80 young (81920K), 5 survivors (5120K)
 Metaspace       used 107681K, committed 109952K, reserved 1179648K
  class space    used 15386K, committed 16512K, reserved 1048576K
}
Event: 11,572 GC heap after
{Heap after GC invocations=34 (full 0):
 garbage-first heap   total 183296K, used 96186K [0x0000000080000000, 0x0000000100000000)
  region size 1024K, 9 young (9216K), 9 survivors (9216K)
 Metaspace       used 107681K, committed 109952K, reserved 1179648K
  class space    used 15386K, committed 16512K, reserved 1048576K
}
Event: 459,729 GC heap before
{Heap before GC invocations=35 (full 0):
 garbage-first heap   total 183296K, used 166842K [0x0000000080000000, 0x0000000100000000)
  region size 1024K, 79 young (80896K), 9 survivors (9216K)
 Metaspace       used 111149K, committed 113472K, reserved 1179648K
  class space    used 15805K, committed 16960K, reserved 1048576K
}
Event: 459,750 GC heap after
{Heap after GC invocations=36 (full 0):
 garbage-first heap   total 183296K, used 101637K [0x0000000080000000, 0x0000000100000000)
  region size 1024K, 10 young (10240K), 10 survivors (10240K)
 Metaspace       used 111149K, committed 113472K, reserved 1179648K
  class space    used 15805K, committed 16960K, reserved 1048576K
}
Event: 1110,976 GC heap before
{Heap before GC invocations=36 (full 0):
 garbage-first heap   total 183296K, used 168197K [0x0000000080000000, 0x0000000100000000)
  region size 1024K, 75 young (76800K), 10 survivors (10240K)
 Metaspace       used 111781K, committed 114112K, reserved 1179648K
  class space    used 15810K, committed 16960K, reserved 1048576K
}
Event: 1110,998 GC heap after
{Heap after GC invocations=37 (full 0):
 garbage-first heap   total 186368K, used 105717K [0x0000000080000000, 0x0000000100000000)
  region size 1024K, 10 young (10240K), 10 survivors (10240K)
 Metaspace       used 111781K, committed 114112K, reserved 1179648K
  class space    used 15810K, committed 16960K, reserved 1048576K
}
Event: 1316,783 GC heap before
{Heap before GC invocations=37 (full 0):
 garbage-first heap   total 186368K, used 136437K [0x0000000080000000, 0x0000000100000000)
  region size 1024K, 42 young (43008K), 10 survivors (10240K)
 Metaspace       used 112115K, committed 114432K, reserved 1179648K
  class space    used 15832K, committed 16960K, reserved 1048576K
}
Event: 1316,800 GC heap after
{Heap after GC invocations=38 (full 0):
 garbage-first heap   total 186368K, used 108662K [0x0000000080000000, 0x0000000100000000)
  region size 1024K, 4 young (4096K), 4 survivors (4096K)
 Metaspace       used 112115K, committed 114432K, reserved 1179648K
  class space    used 15832K, committed 16960K, reserved 1048576K
}
Event: 1318,191 GC heap before
{Heap before GC invocations=39 (full 0):
 garbage-first heap   total 196608K, used 189558K [0x0000000080000000, 0x0000000100000000)
  region size 1024K, 66 young (67584K), 4 survivors (4096K)
 Metaspace       used 117892K, committed 120256K, reserved 1179648K
  class space    used 16714K, committed 17856K, reserved 1048576K
}
Event: 1318,205 GC heap after
{Heap after GC invocations=40 (full 0):
 garbage-first heap   total 207872K, used 139460K [0x0000000080000000, 0x0000000100000000)
  region size 1024K, 9 young (9216K), 9 survivors (9216K)
 Metaspace       used 117892K, committed 120256K, reserved 1179648K
  class space    used 16714K, committed 17856K, reserved 1048576K
}
Event: 1319,506 GC heap before
{Heap before GC invocations=40 (full 0):
 garbage-first heap   total 207872K, used 189636K [0x0000000080000000, 0x0000000100000000)
  region size 1024K, 59 young (60416K), 9 survivors (9216K)
 Metaspace       used 123131K, committed 125568K, reserved 1179648K
  class space    used 17289K, committed 18496K, reserved 1048576K
}
Event: 1319,527 GC heap after
{Heap after GC invocations=41 (full 0):
 garbage-first heap   total 209920K, used 145453K [0x0000000080000000, 0x0000000100000000)
  region size 1024K, 7 young (7168K), 7 survivors (7168K)
 Metaspace       used 123131K, committed 125568K, reserved 1179648K
  class space    used 17289K, committed 18496K, reserved 1048576K
}
Event: 1321,245 GC heap before
{Heap before GC invocations=41 (full 0):
 garbage-first heap   total 209920K, used 193581K [0x0000000080000000, 0x0000000100000000)
  region size 1024K, 54 young (55296K), 7 survivors (7168K)
 Metaspace       used 130952K, committed 133376K, reserved 1179648K
  class space    used 18735K, committed 19904K, reserved 1048576K
}
Event: 1321,256 GC heap after
{Heap after GC invocations=42 (full 0):
 garbage-first heap   total 209920K, used 147305K [0x0000000080000000, 0x0000000100000000)
  region size 1024K, 2 young (2048K), 2 survivors (2048K)
 Metaspace       used 130952K, committed 133376K, reserved 1179648K
  class space    used 18735K, committed 19904K, reserved 1048576K
}

